<?xml version="1.0" encoding="UTF-8"?>
<!-- Generated by org.testng.reporters.JUnitReportReporter -->
<testsuite skipped="1" hostname="DESKTOP-QGLDL3K" name="utilities.Base" tests="2" failures="0" timestamp="2020-05-28T23:44:33 IST" time="2.564" errors="1">
  <testcase name="f" time="0.000" classname="utilities.Base">
    <skipped/>
  </testcase> <!-- f -->
  <system-out/>
  <testcase name="beforeTest" time="2.564" classname="utilities.Base">
    <error type="org.openqa.selenium.SessionNotCreatedException" message="session not created: This version of ChromeDriver only supports Chrome version 81
Build info: version: &#039;3.141.59&#039;, revision: &#039;e82be7d358&#039;, time: &#039;2018-11-14T08:17:03&#039;
System info: host: &#039;DESKTOP-QGLDL3K&#039;, ip: &#039;192.168.43.251&#039;, os.name: &#039;Windows 10&#039;, os.arch: &#039;amd64&#039;, os.version: &#039;10.0&#039;, java.version: &#039;1.8.0_201&#039;
Driver info: driver.version: ChromeDriver
remote stacktrace: Backtrace:
	Ordinal0 [0x00C25F73+2449267]
	Ordinal0 [0x00B58361+1606497]
	Ordinal0 [0x00A4F969+522601]
	Ordinal0 [0x009E05F3+67059]
	Ordinal0 [0x009DCD92+52626]
	Ordinal0 [0x009FC127+180519]
	Ordinal0 [0x009FBF2D+180013]
	Ordinal0 [0x009F9E5B+171611]
	Ordinal0 [0x009E1DD8+73176]
	Ordinal0 [0x009E2E50+77392]
	Ordinal0 [0x009E2DE9+77289]
	Ordinal0 [0x00B6D8D7+1693911]
	GetHandleVerifier [0x00CC4036+522726]
	GetHandleVerifier [0x00CC3D74+522020]
	GetHandleVerifier [0x00CD9187+609079]
	GetHandleVerifier [0x00CC48A6+524886]
	Ordinal0 [0x00B65CBC+1662140]
	Ordinal0 [0x00B6F23B+1700411]
	Ordinal0 [0x00B6F3A3+1700771]
	Ordinal0 [0x00B85215+1790485]
	BaseThreadInitThunk [0x76EE8494+36]
	RtlAreBitsSet [0x771041C8+136]
	RtlAreBitsSet [0x77104198+88]
">
      <![CDATA[org.openqa.selenium.SessionNotCreatedException: session not created: This version of ChromeDriver only supports Chrome version 81
Build info: version: '3.141.59', revision: 'e82be7d358', time: '2018-11-14T08:17:03'
System info: host: 'DESKTOP-QGLDL3K', ip: '192.168.43.251', os.name: 'Windows 10', os.arch: 'amd64', os.version: '10.0', java.version: '1.8.0_201'
Driver info: driver.version: ChromeDriver
remote stacktrace: Backtrace:
Ordinal0 [0x00C25F73+2449267]
Ordinal0 [0x00B58361+1606497]
Ordinal0 [0x00A4F969+522601]
Ordinal0 [0x009E05F3+67059]
Ordinal0 [0x009DCD92+52626]
Ordinal0 [0x009FC127+180519]
Ordinal0 [0x009FBF2D+180013]
Ordinal0 [0x009F9E5B+171611]
Ordinal0 [0x009E1DD8+73176]
Ordinal0 [0x009E2E50+77392]
Ordinal0 [0x009E2DE9+77289]
Ordinal0 [0x00B6D8D7+1693911]
GetHandleVerifier [0x00CC4036+522726]
GetHandleVerifier [0x00CC3D74+522020]
GetHandleVerifier [0x00CD9187+609079]
GetHandleVerifier [0x00CC48A6+524886]
Ordinal0 [0x00B65CBC+1662140]
Ordinal0 [0x00B6F23B+1700411]
Ordinal0 [0x00B6F3A3+1700771]
Ordinal0 [0x00B85215+1790485]
BaseThreadInitThunk [0x76EE8494+36]
RtlAreBitsSet [0x771041C8+136]
RtlAreBitsSet [0x77104198+88]

at sun.reflect.NativeConstructorAccessorImpl.newInstance0(Native Method)
at sun.reflect.NativeConstructorAccessorImpl.newInstance(NativeConstructorAccessorImpl.java:62)
at sun.reflect.DelegatingConstructorAccessorImpl.newInstance(DelegatingConstructorAccessorImpl.java:45)
at java.lang.reflect.Constructor.newInstance(Constructor.java:423)
at org.openqa.selenium.remote.W3CHandshakeResponse.lambda$errorHandler$0(W3CHandshakeResponse.java:62)
at org.openqa.selenium.remote.HandshakeResponse.lambda$getResponseFunction$0(HandshakeResponse.java:30)
at org.openqa.selenium.remote.ProtocolHandshake.lambda$createSession$0(ProtocolHandshake.java:126)
at java.util.stream.ReferencePipeline$3$1.accept(ReferencePipeline.java:193)
at java.util.Spliterators$ArraySpliterator.tryAdvance(Spliterators.java:958)
at java.util.stream.ReferencePipeline.forEachWithCancel(ReferencePipeline.java:126)
at java.util.stream.AbstractPipeline.copyIntoWithCancel(AbstractPipeline.java:498)
at java.util.stream.AbstractPipeline.copyInto(AbstractPipeline.java:485)
at java.util.stream.AbstractPipeline.wrapAndCopyInto(AbstractPipeline.java:471)
at java.util.stream.FindOps$FindOp.evaluateSequential(FindOps.java:152)
at java.util.stream.AbstractPipeline.evaluate(AbstractPipeline.java:234)
at java.util.stream.ReferencePipeline.findFirst(ReferencePipeline.java:464)
at org.openqa.selenium.remote.ProtocolHandshake.createSession(ProtocolHandshake.java:128)
at org.openqa.selenium.remote.ProtocolHandshake.createSession(ProtocolHandshake.java:74)
at org.openqa.selenium.remote.HttpCommandExecutor.execute(HttpCommandExecutor.java:136)
at org.openqa.selenium.remote.service.DriverCommandExecutor.execute(DriverCommandExecutor.java:83)
at org.openqa.selenium.remote.RemoteWebDriver.execute(RemoteWebDriver.java:552)
at org.openqa.selenium.remote.RemoteWebDriver.startSession(RemoteWebDriver.java:213)
at org.openqa.selenium.remote.RemoteWebDriver.<init>(RemoteWebDriver.java:131)
at org.openqa.selenium.chrome.ChromeDriver.<init>(ChromeDriver.java:181)
at org.openqa.selenium.chrome.ChromeDriver.<init>(ChromeDriver.java:168)
at org.openqa.selenium.chrome.ChromeDriver.<init>(ChromeDriver.java:123)
at utilities.Base.beforeTest(Base.java:23)
at sun.reflect.NativeMethodAccessorImpl.invoke0(Native Method)
at sun.reflect.NativeMethodAccessorImpl.invoke(NativeMethodAccessorImpl.java:62)
at sun.reflect.DelegatingMethodAccessorImpl.invoke(DelegatingMethodAccessorImpl.java:43)
at java.lang.reflect.Method.invoke(Method.java:498)
at org.testng.internal.MethodInvocationHelper.invokeMethod(MethodInvocationHelper.java:134)
at org.testng.internal.MethodInvocationHelper.invokeMethodConsideringTimeout(MethodInvocationHelper.java:63)
at org.testng.internal.ConfigInvoker.invokeConfigurationMethod(ConfigInvoker.java:348)
at org.testng.internal.ConfigInvoker.invokeConfigurations(ConfigInvoker.java:302)
at org.testng.TestRunner.invokeTestConfigurations(TestRunner.java:619)
at org.testng.TestRunner.beforeRun(TestRunner.java:609)
at org.testng.TestRunner.run(TestRunner.java:580)
at org.testng.SuiteRunner.runTest(SuiteRunner.java:384)
at org.testng.SuiteRunner.runSequentially(SuiteRunner.java:378)
at org.testng.SuiteRunner.privateRun(SuiteRunner.java:337)
at org.testng.SuiteRunner.run(SuiteRunner.java:286)
at org.testng.SuiteRunnerWorker.runSuite(SuiteRunnerWorker.java:53)
at org.testng.SuiteRunnerWorker.run(SuiteRunnerWorker.java:96)
at org.testng.TestNG.runSuitesSequentially(TestNG.java:1187)
at org.testng.TestNG.runSuitesLocally(TestNG.java:1109)
at org.testng.TestNG.runSuites(TestNG.java:1039)
at org.testng.TestNG.run(TestNG.java:1007)
at org.testng.remote.AbstractRemoteTestNG.run(AbstractRemoteTestNG.java:115)
at org.testng.remote.RemoteTestNG.initAndRun(RemoteTestNG.java:251)
at org.testng.remote.RemoteTestNG.main(RemoteTestNG.java:77)
]]>
    </error>
  </testcase> <!-- beforeTest -->
  <system-out/>
</testsuite> <!-- utilities.Base -->
